{
  "stats": {
    "suites": 1,
    "tests": 1,
    "passes": 1,
    "pending": 0,
    "failures": 0,
    "start": "2024-02-29T16:22:00.103Z",
    "end": "2024-02-29T16:22:10.226Z",
    "duration": 10123,
    "testsRegistered": 1,
    "passPercent": 100,
    "pendingPercent": 0,
    "other": 0,
    "hasOther": false,
    "skipped": 0,
    "hasSkipped": false
  },
  "results": [
    {
      "uuid": "b8d818a8-f4ac-4582-a666-5f4dabd66908",
      "title": "",
      "fullFile": "cypress\\integration\\examples\\Test8Framework.js",
      "file": "cypress\\integration\\examples\\Test8Framework.js",
      "beforeHooks": [],
      "afterHooks": [],
      "tests": [],
      "suites": [
        {
          "uuid": "b1020efa-be67-4b49-8940-76360134de85",
          "title": "My Second Test Suite",
          "fullFile": "",
          "file": "",
          "beforeHooks": [],
          "afterHooks": [],
          "tests": [
            {
              "title": "My FirstTest case",
              "fullTitle": "My Second Test Suite My FirstTest case",
              "timedOut": null,
              "duration": 8300,
              "state": "passed",
              "speed": "medium",
              "pass": true,
              "fail": false,
              "pending": false,
              "context": null,
              "code": "const homePage = new _HomePage.default();\nconst productPage = new _ProductPage.default();\nconst checkoutPage = new _CheckoutPage.default();\ncy.visit(Cypress.env('url') + \"/angularpractice/\");\n//cy.visit('https://www.rahulshettyacademy.com/angularpractice/')\nhomePage.getEditBox().type(this.data.name);\nhomePage.getGender().select(this.data.gender);\nhomePage.getTwoWayDataBinding().should('have.value', this.data.name);\nhomePage.getEditBox().should('have.attr', 'minlength', '2');\nhomePage.getEntrepreneaur().should('be.disabled');\n// cy.pause() // -> to debug\nhomePage.getShopTab().click();\n//Cypress.config('defaultCommandTimeout',8000) - in case we dont want to change the global value\n// this timeout will be aplied only on this spec\nthis.data.productName.forEach(function (element) {\n  console.log(element);\n  cy.selectProduct(element);\n});\nproductPage.checkOutButton().click();\nvar sum = 0;\ncheckoutPage.checkOutProductPrice().each(($el, index, $list) => {\n  const amount = $el.text();\n  var res = amount.split(\" \");\n  res = res[1].trim();\n  sum = Number(sum) + Number(res);\n}).then(function () {\n  cy.log(sum);\n});\ncheckoutPage.checkOutTotal().then(function (element) {\n  const amount = element.text();\n  var res = amount.split(\" \");\n  var total = res[1].trim();\n  expect(Number(total)).to.equal(sum);\n});\ncy.contains('Checkout').click();\ncy.get('#country').type('India');\ncy.get('.suggestions > ul > li > a').click();\ncy.get('#checkbox2').click({\n  force: true\n});\ncy.get('input[type=\"submit\"]').click();\n//cy.get('.alert').should('have.text','Success! Thank you! Your order will be delivered in next few weeks :-).')\ncy.get('.alert').then(function (element) {\n  const actualText = element.text();\n  expect(actualText.includes(\"Success\")).to.be.true;\n});",
              "err": {},
              "uuid": "2662fc7d-d455-49fc-8381-ebc6cc869340",
              "parentUUID": "b1020efa-be67-4b49-8940-76360134de85",
              "isHook": false,
              "skipped": false
            }
          ],
          "suites": [],
          "passes": [
            "2662fc7d-d455-49fc-8381-ebc6cc869340"
          ],
          "failures": [],
          "pending": [],
          "skipped": [],
          "duration": 8300,
          "root": false,
          "rootEmpty": false,
          "_timeout": 2000
        }
      ],
      "passes": [],
      "failures": [],
      "pending": [],
      "skipped": [],
      "duration": 0,
      "root": true,
      "rootEmpty": true,
      "_timeout": 2000
    }
  ],
  "meta": {
    "mocha": {
      "version": "7.0.1"
    },
    "mochawesome": {
      "options": {
        "quiet": false,
        "reportFilename": "mochawesome",
        "saveHtml": true,
        "saveJson": true,
        "consoleReporter": "spec",
        "useInlineDiffs": false,
        "code": true
      },
      "version": "7.1.3"
    },
    "marge": {
      "options": null,
      "version": "6.2.0"
    }
  }
}