{
  "stats": {
    "suites": 1,
    "tests": 2,
    "passes": 0,
    "pending": 0,
    "failures": 2,
    "start": "2024-03-15T14:39:28.125Z",
    "end": "2024-03-15T14:39:58.676Z",
    "duration": 30551,
    "testsRegistered": 2,
    "passPercent": 0,
    "pendingPercent": 0,
    "other": 0,
    "hasOther": false,
    "skipped": 0,
    "hasSkipped": false
  },
  "results": [
    {
      "uuid": "05800daa-2f4e-419b-9135-4357de29654b",
      "title": "",
      "fullFile": "cypress\\integration\\examples\\cypressDemo.js",
      "file": "cypress\\integration\\examples\\cypressDemo.js",
      "beforeHooks": [],
      "afterHooks": [],
      "tests": [],
      "suites": [
        {
          "uuid": "a619dea4-1774-479f-8a58-e9efb08f4915",
          "title": "Changing Box colors",
          "fullFile": "",
          "file": "",
          "beforeHooks": [],
          "afterHooks": [],
          "tests": [
            {
              "title": "Changing box to Yellow",
              "fullTitle": "Changing Box colors Changing box to Yellow",
              "timedOut": null,
              "duration": 9140,
              "state": "failed",
              "speed": null,
              "pass": false,
              "fail": true,
              "pending": false,
              "context": null,
              "code": "cy.visit('https://codepen.io/heliokroger/pen/abRVqja');\ncy.contains(\"button\", \"Yellow\").click();\ncy.get(\"div[class*='yellow']\").should('be.visible');",
              "err": {
                "message": "AssertionError: Timed out retrying after 8000ms: Expected to find content: 'Yellow' within the selector: 'button' but never did.",
                "estack": "AssertionError: Timed out retrying after 8000ms: Expected to find content: 'Yellow' within the selector: 'button' but never did.\n    at Context.eval (cypress/integration/examples/cypressDemo.js:7:11)",
                "diff": null
              },
              "uuid": "d805deba-80d7-4d77-893a-00c4edec68f9",
              "parentUUID": "a619dea4-1774-479f-8a58-e9efb08f4915",
              "isHook": false,
              "skipped": false
            },
            {
              "title": "Changing box to Yellow",
              "fullTitle": "Changing Box colors Changing box to Yellow",
              "timedOut": null,
              "duration": 9233,
              "state": "failed",
              "speed": null,
              "pass": false,
              "fail": true,
              "pending": false,
              "context": null,
              "code": "cy.visit('https://codepen.io/heliokroger/pen/abRVqja');\ncy.contains(\"button\", \"Blue\").click();\ncy.get(\"div[class*='blue']\").should('be.visible');",
              "err": {
                "message": "AssertionError: Timed out retrying after 8000ms: Expected to find content: 'Blue' within the selector: 'button' but never did.",
                "estack": "AssertionError: Timed out retrying after 8000ms: Expected to find content: 'Blue' within the selector: 'button' but never did.\n    at Context.eval (cypress/integration/examples/cypressDemo.js:13:11)",
                "diff": null
              },
              "uuid": "c375fc55-e34f-4d77-b421-25422d11e099",
              "parentUUID": "a619dea4-1774-479f-8a58-e9efb08f4915",
              "isHook": false,
              "skipped": false
            }
          ],
          "suites": [],
          "passes": [],
          "failures": [
            "d805deba-80d7-4d77-893a-00c4edec68f9",
            "c375fc55-e34f-4d77-b421-25422d11e099"
          ],
          "pending": [],
          "skipped": [],
          "duration": 18373,
          "root": false,
          "rootEmpty": false,
          "_timeout": 2000
        }
      ],
      "passes": [],
      "failures": [],
      "pending": [],
      "skipped": [],
      "duration": 0,
      "root": true,
      "rootEmpty": true,
      "_timeout": 2000
    }
  ],
  "meta": {
    "mocha": {
      "version": "7.0.1"
    },
    "mochawesome": {
      "options": {
        "quiet": false,
        "reportFilename": "mochawesome",
        "saveHtml": true,
        "saveJson": true,
        "consoleReporter": "spec",
        "useInlineDiffs": false,
        "code": true
      },
      "version": "7.1.3"
    },
    "marge": {
      "options": null,
      "version": "6.2.0"
    }
  }
}